<?xml version="1.0" encoding="UTF-8"?>
<!-- Generated by org.testng.reporters.JUnitReportReporter -->
<testsuite hostname="DESKTOP-1E8NOIV" failures="0" tests="4" name="LoginModuleTests" time="50.629" errors="0" timestamp="2022-09-28T19:49:44 EEST" skipped="0">
  <testcase classname="LoginModuleTests" name="loginWithValidCreds" time="15.271"/>
  <system-out/>
  <testcase classname="LoginModuleTests" name="loginWithInvalidEmail" time="12.011"/>
  <system-out/>
  <testcase classname="LoginModuleTests" name="loginWithInvalidPassword" time="12.020"/>
  <system-out/>
  <testcase classname="LoginModuleTests" name="loginWithNoData" time="11.327"/>
  <system-out/>
</testsuite> <!-- LoginModuleTests -->
