<?xml version="1.0" encoding="UTF-8"?>
<!-- Generated by org.testng.reporters.JUnitReportReporter -->
<testsuite hostname="DESKTOP-1E8NOIV" failures="0" tests="2" name="Page404Tests" time="9.033" errors="0" timestamp="2022-09-28T19:49:44 EEST" skipped="0">
  <testcase classname="Page404Tests" name="check404Page" time="4.025"/>
  <system-out/>
  <testcase classname="Page404Tests" name="navigateToHomePage" time="5.008"/>
  <system-out/>
</testsuite> <!-- Page404Tests -->
