<?xml version="1.0" encoding="UTF-8"?>
<!-- Generated by org.testng.reporters.JUnitReportReporter -->
<testsuite hostname="DESKTOP-1E8NOIV" failures="0" tests="4" name="StandartCreateTests" time="75.985" errors="0" timestamp="2022-09-28T19:49:44 EEST" skipped="0">
  <testcase classname="StandartCreateTests" name="createNewDespatch" time="35.811"/>
  <system-out/>
  <testcase classname="StandartCreateTests" name="modifyDespatch" time="16.197"/>
  <system-out/>
  <testcase classname="StandartCreateTests" name="deleteDespatch" time="11.196"/>
  <system-out/>
  <testcase classname="StandartCreateTests" name="checkDeliveryMethodsValues" time="12.781"/>
  <system-out/>
</testsuite> <!-- StandartCreateTests -->
