<?xml version="1.0" encoding="UTF-8"?>
<!-- Generated by org.testng.reporters.JUnitReportReporter -->
<testsuite hostname="DESKTOP-1E8NOIV" failures="0" tests="1" name="FindPostalIndexTests" time="17.244" errors="0" timestamp="2022-09-28T19:49:44 EEST" skipped="0">
  <testcase classname="FindPostalIndexTests" name="FindPostalIndex" time="17.244"/>
  <system-out/>
</testsuite> <!-- FindPostalIndexTests -->
