<?xml version="1.0" encoding="UTF-8"?>
<!-- Generated by org.testng.reporters.JUnitReportReporter -->
<testsuite hostname="DESKTOP-1E8NOIV" failures="0" tests="5" name="HomePageTests" time="60.973" errors="0" timestamp="2022-09-28T19:49:44 EEST" skipped="0">
  <testcase classname="HomePageTests" name="changeLanguageToRu" time="16.926"/>
  <system-out/>
  <testcase classname="HomePageTests" name="changeLanguageToEn" time="16.625"/>
  <system-out/>
  <testcase classname="HomePageTests" name="checkSliderItemContent" time="15.251"/>
  <system-out/>
  <testcase classname="HomePageTests" name="openIndexSearchPage" time="7.390"/>
  <system-out/>
  <testcase classname="HomePageTests" name="openIndexSearchPageFromInput" time="4.781"/>
  <system-out/>
</testsuite> <!-- HomePageTests -->
