<?xml version="1.0" encoding="UTF-8"?>
<!-- Generated by org.testng.reporters.JUnitReportReporter -->
<testsuite hostname="DESKTOP-1E8NOIV" failures="0" tests="3" name="ApiTest" time="1.279" errors="0" timestamp="2022-09-28T19:49:44 EEST" skipped="0">
  <testcase classname="ApiTest" name="createContactPerson" time="0.946"/>
  <system-out/>
  <testcase classname="ApiTest" name="updateContactPerson" time="0.145"/>
  <system-out/>
  <testcase classname="ApiTest" name="deleteContactPerson" time="0.188"/>
  <system-out/>
</testsuite> <!-- ApiTest -->
